[0.077s] Invoking command in '/mnt/d/sim_ws/build/urdf_tutorial': CMAKE_PREFIX_PATH=/opt/ros/humble /usr/bin/cmake --build /mnt/d/sim_ws/build/urdf_tutorial -- -j16 -l16
[0.190s] Invoked command in '/mnt/d/sim_ws/build/urdf_tutorial' returned '0': CMAKE_PREFIX_PATH=/opt/ros/humble /usr/bin/cmake --build /mnt/d/sim_ws/build/urdf_tutorial -- -j16 -l16
[0.223s] Invoking command in '/mnt/d/sim_ws/build/urdf_tutorial': CMAKE_PREFIX_PATH=/opt/ros/humble /usr/bin/cmake --install /mnt/d/sim_ws/build/urdf_tutorial
[0.233s] -- Install configuration: ""
[0.245s] -- Up-to-date: /mnt/d/sim_ws/install/urdf_tutorial/share/urdf_tutorial/launch
[0.277s] -- Up-to-date: /mnt/d/sim_ws/install/urdf_tutorial/share/urdf_tutorial/launch/display.launch
[0.300s] -- Up-to-date: /mnt/d/sim_ws/install/urdf_tutorial/share/urdf_tutorial/launch/gazebo.launch
[0.323s] -- Up-to-date: /mnt/d/sim_ws/install/urdf_tutorial/share/urdf_tutorial/launch/gazebo.launch.py
[0.338s] -- Up-to-date: /mnt/d/sim_ws/install/urdf_tutorial/share/urdf_tutorial/urdf
[0.366s] -- Up-to-date: /mnt/d/sim_ws/install/urdf_tutorial/share/urdf_tutorial/urdf/01-myfirst.urdf
[0.389s] -- Up-to-date: /mnt/d/sim_ws/install/urdf_tutorial/share/urdf_tutorial/urdf/02-multipleshapes.urdf
[0.413s] -- Up-to-date: /mnt/d/sim_ws/install/urdf_tutorial/share/urdf_tutorial/urdf/03-origins.urdf
[0.435s] -- Up-to-date: /mnt/d/sim_ws/install/urdf_tutorial/share/urdf_tutorial/urdf/04-materials.urdf
[0.459s] -- Up-to-date: /mnt/d/sim_ws/install/urdf_tutorial/share/urdf_tutorial/urdf/05-visual.urdf
[0.481s] -- Up-to-date: /mnt/d/sim_ws/install/urdf_tutorial/share/urdf_tutorial/urdf/06-flexible.urdf
[0.506s] -- Up-to-date: /mnt/d/sim_ws/install/urdf_tutorial/share/urdf_tutorial/urdf/07-physics.urdf
[0.538s] -- Up-to-date: /mnt/d/sim_ws/install/urdf_tutorial/share/urdf_tutorial/urdf/08-macroed.urdf.xacro
[0.586s] -- Up-to-date: /mnt/d/sim_ws/install/urdf_tutorial/share/urdf_tutorial/urdf/pendulum.urdf
[0.637s] -- Up-to-date: /mnt/d/sim_ws/install/urdf_tutorial/share/ament_index/resource_index/package_run_dependencies/urdf_tutorial
[0.675s] -- Up-to-date: /mnt/d/sim_ws/install/urdf_tutorial/share/ament_index/resource_index/parent_prefix_path/urdf_tutorial
[0.692s] -- Up-to-date: /mnt/d/sim_ws/install/urdf_tutorial/share/urdf_tutorial/environment/ament_prefix_path.sh
[0.716s] -- Up-to-date: /mnt/d/sim_ws/install/urdf_tutorial/share/urdf_tutorial/environment/ament_prefix_path.dsv
[0.733s] -- Up-to-date: /mnt/d/sim_ws/install/urdf_tutorial/share/urdf_tutorial/environment/path.sh
[0.753s] -- Up-to-date: /mnt/d/sim_ws/install/urdf_tutorial/share/urdf_tutorial/environment/path.dsv
[0.767s] -- Up-to-date: /mnt/d/sim_ws/install/urdf_tutorial/share/urdf_tutorial/local_setup.bash
[0.780s] -- Up-to-date: /mnt/d/sim_ws/install/urdf_tutorial/share/urdf_tutorial/local_setup.sh
[0.794s] -- Up-to-date: /mnt/d/sim_ws/install/urdf_tutorial/share/urdf_tutorial/local_setup.zsh
[0.807s] -- Up-to-date: /mnt/d/sim_ws/install/urdf_tutorial/share/urdf_tutorial/local_setup.dsv
[0.822s] -- Installing: /mnt/d/sim_ws/install/urdf_tutorial/share/urdf_tutorial/package.dsv
[0.876s] -- Up-to-date: /mnt/d/sim_ws/install/urdf_tutorial/share/ament_index/resource_index/packages/urdf_tutorial
[0.892s] -- Up-to-date: /mnt/d/sim_ws/install/urdf_tutorial/share/urdf_tutorial/cmake/urdf_tutorialConfig.cmake
[0.904s] -- Up-to-date: /mnt/d/sim_ws/install/urdf_tutorial/share/urdf_tutorial/cmake/urdf_tutorialConfig-version.cmake
[0.919s] -- Up-to-date: /mnt/d/sim_ws/install/urdf_tutorial/share/urdf_tutorial/package.xml
[0.926s] Invoked command in '/mnt/d/sim_ws/build/urdf_tutorial' returned '0': CMAKE_PREFIX_PATH=/opt/ros/humble /usr/bin/cmake --install /mnt/d/sim_ws/build/urdf_tutorial
