[0.236s] DEBUG:colcon:Command line arguments: ['/usr/bin/colcon', 'build', '--packages-select', 'urdf_tutorial']
[0.237s] DEBUG:colcon:Parsed command line arguments: Namespace(log_base=None, log_level=None, verb_name='build', build_base='build', install_base='install', merge_install=False, symlink_install=False, test_result_base=None, continue_on_error=False, executor='parallel', parallel_workers=16, event_handlers=None, ignore_user_meta=False, metas=['./colcon.meta'], base_paths=['.'], packages_ignore=None, packages_ignore_regex=None, paths=None, packages_up_to=None, packages_up_to_regex=None, packages_above=None, packages_above_and_dependencies=None, packages_above_depth=None, packages_select_by_dep=None, packages_skip_by_dep=None, packages_skip_up_to=None, packages_select_build_failed=False, packages_skip_build_finished=False, packages_select_test_failures=False, packages_skip_test_passed=False, packages_select=['urdf_tutorial'], packages_skip=None, packages_select_regex=None, packages_skip_regex=None, packages_start=None, packages_end=None, allow_overriding=[], cmake_args=None, cmake_target=None, cmake_target_skip_unavailable=False, cmake_clean_cache=False, cmake_clean_first=False, cmake_force_configure=False, ament_cmake_args=None, catkin_cmake_args=None, catkin_skip_building_tests=False, verb_parser=<colcon_defaults.argument_parser.defaults.DefaultArgumentsDecorator object at 0x7f3087d69fc0>, verb_extension=<colcon_core.verb.build.BuildVerb object at 0x7f3087ee6b90>, main=<bound method BuildVerb.main of <colcon_core.verb.build.BuildVerb object at 0x7f3087ee6b90>>)
[0.396s] Level 1:colcon.colcon_core.package_discovery:discover_packages(colcon_meta) check parameters
[0.397s] Level 1:colcon.colcon_core.package_discovery:discover_packages(recursive) check parameters
[0.397s] Level 1:colcon.colcon_core.package_discovery:discover_packages(ignore) check parameters
[0.397s] Level 1:colcon.colcon_core.package_discovery:discover_packages(path) check parameters
[0.398s] Level 1:colcon.colcon_core.package_discovery:discover_packages(colcon_meta) discover
[0.399s] Level 1:colcon.colcon_core.package_discovery:discover_packages(recursive) discover
[0.399s] INFO:colcon.colcon_core.package_discovery:Crawling recursively for packages in '/mnt/d/sim_ws'
[0.401s] Level 1:colcon.colcon_core.package_identification:_identify(.) by extensions ['ignore', 'ignore_ament_install']
[0.402s] Level 1:colcon.colcon_core.package_identification:_identify(.) by extension 'ignore'
[0.402s] Level 1:colcon.colcon_core.package_identification:_identify(.) by extension 'ignore_ament_install'
[0.403s] Level 1:colcon.colcon_core.package_identification:_identify(.) by extensions ['colcon_pkg']
[0.403s] Level 1:colcon.colcon_core.package_identification:_identify(.) by extension 'colcon_pkg'
[0.404s] Level 1:colcon.colcon_core.package_identification:_identify(.) by extensions ['colcon_meta']
[0.404s] Level 1:colcon.colcon_core.package_identification:_identify(.) by extension 'colcon_meta'
[0.406s] Level 1:colcon.colcon_core.package_identification:_identify(.) by extensions ['ros']
[0.406s] Level 1:colcon.colcon_core.package_identification:_identify(.) by extension 'ros'
[0.417s] Level 1:colcon.colcon_core.package_identification:_identify(.) by extensions ['cmake', 'python']
[0.418s] Level 1:colcon.colcon_core.package_identification:_identify(.) by extension 'cmake'
[0.418s] Level 1:colcon.colcon_core.package_identification:_identify(.) by extension 'python'
[0.419s] Level 1:colcon.colcon_core.package_identification:_identify(.) by extensions ['python_setup_py']
[0.420s] Level 1:colcon.colcon_core.package_identification:_identify(.) by extension 'python_setup_py'
[0.423s] Level 1:colcon.colcon_core.package_identification:_identify(build) by extensions ['ignore', 'ignore_ament_install']
[0.423s] Level 1:colcon.colcon_core.package_identification:_identify(build) by extension 'ignore'
[0.297s] Level 1:colcon.colcon_core.package_identification:_identify(build) ignored
[0.301s] Level 1:colcon.colcon_core.package_identification:_identify(install) by extensions ['ignore', 'ignore_ament_install']
[0.301s] Level 1:colcon.colcon_core.package_identification:_identify(install) by extension 'ignore'
[0.303s] Level 1:colcon.colcon_core.package_identification:_identify(install) ignored
[0.308s] Level 1:colcon.colcon_core.package_identification:_identify(log) by extensions ['ignore', 'ignore_ament_install']
[0.310s] Level 1:colcon.colcon_core.package_identification:_identify(log) by extension 'ignore'
[0.311s] Level 1:colcon.colcon_core.package_identification:_identify(log) ignored
[0.312s] Level 1:colcon.colcon_core.package_identification:_identify(src) by extensions ['ignore', 'ignore_ament_install']
[0.313s] Level 1:colcon.colcon_core.package_identification:_identify(src) by extension 'ignore'
[0.313s] Level 1:colcon.colcon_core.package_identification:_identify(src) by extension 'ignore_ament_install'
[0.314s] Level 1:colcon.colcon_core.package_identification:_identify(src) by extensions ['colcon_pkg']
[0.314s] Level 1:colcon.colcon_core.package_identification:_identify(src) by extension 'colcon_pkg'
[0.314s] Level 1:colcon.colcon_core.package_identification:_identify(src) by extensions ['colcon_meta']
[0.314s] Level 1:colcon.colcon_core.package_identification:_identify(src) by extension 'colcon_meta'
[0.315s] Level 1:colcon.colcon_core.package_identification:_identify(src) by extensions ['ros']
[0.315s] Level 1:colcon.colcon_core.package_identification:_identify(src) by extension 'ros'
[0.316s] Level 1:colcon.colcon_core.package_identification:_identify(src) by extensions ['cmake', 'python']
[0.317s] Level 1:colcon.colcon_core.package_identification:_identify(src) by extension 'cmake'
[0.317s] Level 1:colcon.colcon_core.package_identification:_identify(src) by extension 'python'
[0.317s] Level 1:colcon.colcon_core.package_identification:_identify(src) by extensions ['python_setup_py']
[0.318s] Level 1:colcon.colcon_core.package_identification:_identify(src) by extension 'python_setup_py'
[0.320s] Level 1:colcon.colcon_core.package_identification:_identify(src/urdf_tutorial) by extensions ['ignore', 'ignore_ament_install']
[0.320s] Level 1:colcon.colcon_core.package_identification:_identify(src/urdf_tutorial) by extension 'ignore'
[0.321s] Level 1:colcon.colcon_core.package_identification:_identify(src/urdf_tutorial) by extension 'ignore_ament_install'
[0.322s] Level 1:colcon.colcon_core.package_identification:_identify(src/urdf_tutorial) by extensions ['colcon_pkg']
[0.322s] Level 1:colcon.colcon_core.package_identification:_identify(src/urdf_tutorial) by extension 'colcon_pkg'
[0.322s] Level 1:colcon.colcon_core.package_identification:_identify(src/urdf_tutorial) by extensions ['colcon_meta']
[0.322s] Level 1:colcon.colcon_core.package_identification:_identify(src/urdf_tutorial) by extension 'colcon_meta'
[0.323s] Level 1:colcon.colcon_core.package_identification:_identify(src/urdf_tutorial) by extensions ['ros']
[0.323s] Level 1:colcon.colcon_core.package_identification:_identify(src/urdf_tutorial) by extension 'ros'
[0.348s] DEBUG:colcon.colcon_core.package_identification:Package 'src/urdf_tutorial' with type 'ros.ament_cmake' and name 'urdf_tutorial'
[0.349s] Level 1:colcon.colcon_core.package_discovery:discover_packages(recursive) using defaults
[0.349s] Level 1:colcon.colcon_core.package_discovery:discover_packages(ignore) discover
[0.349s] Level 1:colcon.colcon_core.package_discovery:discover_packages(ignore) using defaults
[0.349s] Level 1:colcon.colcon_core.package_discovery:discover_packages(path) discover
[0.350s] Level 1:colcon.colcon_core.package_discovery:discover_packages(path) using defaults
[0.381s] Level 1:colcon.colcon_core.package_discovery:discover_packages(prefix_path) check parameters
[0.382s] Level 1:colcon.colcon_core.package_discovery:discover_packages(prefix_path) discover
[0.384s] DEBUG:colcon.colcon_installed_package_information.package_discovery:Found 321 installed packages in /opt/ros/humble
[0.386s] Level 1:colcon.colcon_core.package_discovery:discover_packages(prefix_path) using defaults
[0.417s] Level 5:colcon.colcon_core.verb:set package 'urdf_tutorial' build argument 'cmake_args' from command line to 'None'
[0.417s] Level 5:colcon.colcon_core.verb:set package 'urdf_tutorial' build argument 'cmake_target' from command line to 'None'
[0.417s] Level 5:colcon.colcon_core.verb:set package 'urdf_tutorial' build argument 'cmake_target_skip_unavailable' from command line to 'False'
[0.418s] Level 5:colcon.colcon_core.verb:set package 'urdf_tutorial' build argument 'cmake_clean_cache' from command line to 'False'
[0.418s] Level 5:colcon.colcon_core.verb:set package 'urdf_tutorial' build argument 'cmake_clean_first' from command line to 'False'
[0.418s] Level 5:colcon.colcon_core.verb:set package 'urdf_tutorial' build argument 'cmake_force_configure' from command line to 'False'
[0.418s] Level 5:colcon.colcon_core.verb:set package 'urdf_tutorial' build argument 'ament_cmake_args' from command line to 'None'
[0.418s] Level 5:colcon.colcon_core.verb:set package 'urdf_tutorial' build argument 'catkin_cmake_args' from command line to 'None'
[0.418s] Level 5:colcon.colcon_core.verb:set package 'urdf_tutorial' build argument 'catkin_skip_building_tests' from command line to 'False'
[0.419s] DEBUG:colcon.colcon_core.verb:Building package 'urdf_tutorial' with the following arguments: {'ament_cmake_args': None, 'build_base': '/mnt/d/sim_ws/build/urdf_tutorial', 'catkin_cmake_args': None, 'catkin_skip_building_tests': False, 'cmake_args': None, 'cmake_clean_cache': False, 'cmake_clean_first': False, 'cmake_force_configure': False, 'cmake_target': None, 'cmake_target_skip_unavailable': False, 'install_base': '/mnt/d/sim_ws/install/urdf_tutorial', 'merge_install': False, 'path': '/mnt/d/sim_ws/src/urdf_tutorial', 'symlink_install': False, 'test_result_base': None}
[0.419s] INFO:colcon.colcon_core.executor:Executing jobs using 'parallel' executor
[0.420s] DEBUG:colcon.colcon_parallel_executor.executor.parallel:run_until_complete
[0.421s] INFO:colcon.colcon_ros.task.ament_cmake.build:Building ROS package in '/mnt/d/sim_ws/src/urdf_tutorial' with build type 'ament_cmake'
[0.422s] INFO:colcon.colcon_cmake.task.cmake.build:Building CMake package in '/mnt/d/sim_ws/src/urdf_tutorial'
[0.424s] INFO:colcon.colcon_core.plugin_system:Skipping extension 'colcon_core.shell.bat': Not used on non-Windows systems
[0.425s] INFO:colcon.colcon_core.shell:Skip shell extension 'powershell' for command environment: Not usable outside of PowerShell
[0.425s] DEBUG:colcon.colcon_core.shell:Skip shell extension 'dsv' for command environment
[0.503s] DEBUG:colcon.colcon_core.event_handler.log_command:Invoking command in '/mnt/d/sim_ws/build/urdf_tutorial': CMAKE_PREFIX_PATH=/opt/ros/humble /usr/bin/cmake --build /mnt/d/sim_ws/build/urdf_tutorial -- -j16 -l16
[2.985s] DEBUG:colcon.colcon_core.event_handler.log_command:Invoked command in '/mnt/d/sim_ws/build/urdf_tutorial' returned '0': CMAKE_PREFIX_PATH=/opt/ros/humble /usr/bin/cmake --build /mnt/d/sim_ws/build/urdf_tutorial -- -j16 -l16
[3.024s] DEBUG:colcon.colcon_core.event_handler.log_command:Invoking command in '/mnt/d/sim_ws/build/urdf_tutorial': CMAKE_PREFIX_PATH=/opt/ros/humble /usr/bin/cmake --install /mnt/d/sim_ws/build/urdf_tutorial
[4.286s] Level 1:colcon.colcon_core.environment:create_environment_scripts_only(urdf_tutorial)
[4.289s] DEBUG:colcon.colcon_core.event_handler.log_command:Invoked command in '/mnt/d/sim_ws/build/urdf_tutorial' returned '0': CMAKE_PREFIX_PATH=/opt/ros/humble /usr/bin/cmake --install /mnt/d/sim_ws/build/urdf_tutorial
[4.291s] Level 1:colcon.colcon_core.environment:checking '/mnt/d/sim_ws/install/urdf_tutorial' for CMake module files
[4.389s] Level 1:colcon.colcon_core.environment:checking '/mnt/d/sim_ws/install/urdf_tutorial' for CMake config files
[4.452s] Level 1:colcon.colcon_core.shell:create_environment_hook('urdf_tutorial', 'cmake_prefix_path')
[4.452s] INFO:colcon.colcon_core.shell:Creating environment hook '/mnt/d/sim_ws/install/urdf_tutorial/share/urdf_tutorial/hook/cmake_prefix_path.ps1'
[4.471s] INFO:colcon.colcon_core.shell:Creating environment descriptor '/mnt/d/sim_ws/install/urdf_tutorial/share/urdf_tutorial/hook/cmake_prefix_path.dsv'
[4.487s] INFO:colcon.colcon_core.shell:Creating environment hook '/mnt/d/sim_ws/install/urdf_tutorial/share/urdf_tutorial/hook/cmake_prefix_path.sh'
[4.510s] Level 1:colcon.colcon_core.environment:checking '/mnt/d/sim_ws/install/urdf_tutorial/bin'
[4.512s] Level 1:colcon.colcon_core.environment:checking '/mnt/d/sim_ws/install/urdf_tutorial/lib/pkgconfig/urdf_tutorial.pc'
[4.513s] Level 1:colcon.colcon_core.environment:checking '/mnt/d/sim_ws/install/urdf_tutorial/lib/python3.10/site-packages'
[4.515s] Level 1:colcon.colcon_core.environment:checking '/mnt/d/sim_ws/install/urdf_tutorial/bin'
[4.517s] INFO:colcon.colcon_core.shell:Creating package script '/mnt/d/sim_ws/install/urdf_tutorial/share/urdf_tutorial/package.ps1'
[4.532s] INFO:colcon.colcon_core.shell:Creating package descriptor '/mnt/d/sim_ws/install/urdf_tutorial/share/urdf_tutorial/package.dsv'
[4.545s] INFO:colcon.colcon_core.shell:Creating package script '/mnt/d/sim_ws/install/urdf_tutorial/share/urdf_tutorial/package.sh'
[4.563s] INFO:colcon.colcon_core.shell:Creating package script '/mnt/d/sim_ws/install/urdf_tutorial/share/urdf_tutorial/package.bash'
[4.587s] INFO:colcon.colcon_core.shell:Creating package script '/mnt/d/sim_ws/install/urdf_tutorial/share/urdf_tutorial/package.zsh'
[4.601s] Level 1:colcon.colcon_core.environment:create_file_with_runtime_dependencies(/mnt/d/sim_ws/install/urdf_tutorial/share/colcon-core/packages/urdf_tutorial)
[4.633s] Level 1:colcon.colcon_core.environment:create_environment_scripts_only(urdf_tutorial)
[4.633s] Level 1:colcon.colcon_core.environment:checking '/mnt/d/sim_ws/install/urdf_tutorial' for CMake module files
[4.741s] Level 1:colcon.colcon_core.environment:checking '/mnt/d/sim_ws/install/urdf_tutorial' for CMake config files
[4.823s] Level 1:colcon.colcon_core.shell:create_environment_hook('urdf_tutorial', 'cmake_prefix_path')
[4.823s] INFO:colcon.colcon_core.shell:Creating environment hook '/mnt/d/sim_ws/install/urdf_tutorial/share/urdf_tutorial/hook/cmake_prefix_path.ps1'
[4.839s] INFO:colcon.colcon_core.shell:Creating environment descriptor '/mnt/d/sim_ws/install/urdf_tutorial/share/urdf_tutorial/hook/cmake_prefix_path.dsv'
[4.857s] INFO:colcon.colcon_core.shell:Creating environment hook '/mnt/d/sim_ws/install/urdf_tutorial/share/urdf_tutorial/hook/cmake_prefix_path.sh'
[4.878s] Level 1:colcon.colcon_core.environment:checking '/mnt/d/sim_ws/install/urdf_tutorial/bin'
[4.879s] Level 1:colcon.colcon_core.environment:checking '/mnt/d/sim_ws/install/urdf_tutorial/lib/pkgconfig/urdf_tutorial.pc'
[4.881s] Level 1:colcon.colcon_core.environment:checking '/mnt/d/sim_ws/install/urdf_tutorial/lib/python3.10/site-packages'
[4.884s] Level 1:colcon.colcon_core.environment:checking '/mnt/d/sim_ws/install/urdf_tutorial/bin'
[4.886s] INFO:colcon.colcon_core.shell:Creating package script '/mnt/d/sim_ws/install/urdf_tutorial/share/urdf_tutorial/package.ps1'
[4.901s] INFO:colcon.colcon_core.shell:Creating package descriptor '/mnt/d/sim_ws/install/urdf_tutorial/share/urdf_tutorial/package.dsv'
[4.916s] INFO:colcon.colcon_core.shell:Creating package script '/mnt/d/sim_ws/install/urdf_tutorial/share/urdf_tutorial/package.sh'
[4.930s] INFO:colcon.colcon_core.shell:Creating package script '/mnt/d/sim_ws/install/urdf_tutorial/share/urdf_tutorial/package.bash'
[4.944s] INFO:colcon.colcon_core.shell:Creating package script '/mnt/d/sim_ws/install/urdf_tutorial/share/urdf_tutorial/package.zsh'
[4.959s] Level 1:colcon.colcon_core.environment:create_file_with_runtime_dependencies(/mnt/d/sim_ws/install/urdf_tutorial/share/colcon-core/packages/urdf_tutorial)
[4.970s] DEBUG:colcon.colcon_parallel_executor.executor.parallel:closing loop
[4.970s] DEBUG:colcon.colcon_parallel_executor.executor.parallel:loop closed
[4.971s] DEBUG:colcon.colcon_parallel_executor.executor.parallel:run_until_complete finished with '0'
[4.971s] DEBUG:colcon.colcon_core.event_reactor:joining thread
[5.018s] INFO:colcon.colcon_core.plugin_system:Skipping extension 'colcon_notification.desktop_notification.notify_send': Could not find 'notify-send'
[5.019s] INFO:colcon.colcon_core.plugin_system:Skipping extension 'colcon_notification.desktop_notification.terminal_notifier': Not used on non-Darwin systems
[5.019s] INFO:colcon.colcon_core.plugin_system:Skipping extension 'colcon_notification.desktop_notification.win32': Not used on non-Windows systems
[5.020s] INFO:colcon.colcon_notification.desktop_notification:Sending desktop notification using 'notify2'
[5.020s] DEBUG:colcon.colcon_notification.desktop_notification.notify2:Failed to initialize notify2: org.freedesktop.DBus.Error.FileNotFound: Failed to connect to socket /run/user/1000/bus: No such file or directory
[5.021s] DEBUG:colcon.colcon_core.event_reactor:joined thread
[5.022s] INFO:colcon.colcon_core.shell:Creating prefix script '/mnt/d/sim_ws/install/local_setup.ps1'
[5.029s] INFO:colcon.colcon_core.shell:Creating prefix util module '/mnt/d/sim_ws/install/_local_setup_util_ps1.py'
[5.037s] INFO:colcon.colcon_core.shell:Creating prefix chain script '/mnt/d/sim_ws/install/setup.ps1'
[5.048s] INFO:colcon.colcon_core.shell:Creating prefix script '/mnt/d/sim_ws/install/local_setup.sh'
[5.055s] INFO:colcon.colcon_core.shell:Creating prefix util module '/mnt/d/sim_ws/install/_local_setup_util_sh.py'
[5.064s] INFO:colcon.colcon_core.shell:Creating prefix chain script '/mnt/d/sim_ws/install/setup.sh'
[5.074s] INFO:colcon.colcon_core.shell:Creating prefix script '/mnt/d/sim_ws/install/local_setup.bash'
[5.082s] INFO:colcon.colcon_core.shell:Creating prefix chain script '/mnt/d/sim_ws/install/setup.bash'
[5.094s] INFO:colcon.colcon_core.shell:Creating prefix script '/mnt/d/sim_ws/install/local_setup.zsh'
[5.105s] INFO:colcon.colcon_core.shell:Creating prefix chain script '/mnt/d/sim_ws/install/setup.zsh'
