[0.178s] DEBUG:colcon:Command line arguments: ['/usr/bin/colcon', 'build', '--packages-select', 'urdf_tutorial']
[0.179s] DEBUG:colcon:Parsed command line arguments: Namespace(log_base=None, log_level=None, verb_name='build', build_base='build', install_base='install', merge_install=False, symlink_install=False, test_result_base=None, continue_on_error=False, executor='parallel', parallel_workers=16, event_handlers=None, ignore_user_meta=False, metas=['./colcon.meta'], base_paths=['.'], packages_ignore=None, packages_ignore_regex=None, paths=None, packages_up_to=None, packages_up_to_regex=None, packages_above=None, packages_above_and_dependencies=None, packages_above_depth=None, packages_select_by_dep=None, packages_skip_by_dep=None, packages_skip_up_to=None, packages_select_build_failed=False, packages_skip_build_finished=False, packages_select_test_failures=False, packages_skip_test_passed=False, packages_select=['urdf_tutorial'], packages_skip=None, packages_select_regex=None, packages_skip_regex=None, packages_start=None, packages_end=None, allow_overriding=[], cmake_args=None, cmake_target=None, cmake_target_skip_unavailable=False, cmake_clean_cache=False, cmake_clean_first=False, cmake_force_configure=False, ament_cmake_args=None, catkin_cmake_args=None, catkin_skip_building_tests=False, verb_parser=<colcon_defaults.argument_parser.defaults.DefaultArgumentsDecorator object at 0x7ff6a68cdb40>, verb_extension=<colcon_core.verb.build.BuildVerb object at 0x7ff6a6a4e710>, main=<bound method BuildVerb.main of <colcon_core.verb.build.BuildVerb object at 0x7ff6a6a4e710>>)
[0.337s] Level 1:colcon.colcon_core.package_discovery:discover_packages(colcon_meta) check parameters
[0.338s] Level 1:colcon.colcon_core.package_discovery:discover_packages(recursive) check parameters
[0.338s] Level 1:colcon.colcon_core.package_discovery:discover_packages(ignore) check parameters
[0.338s] Level 1:colcon.colcon_core.package_discovery:discover_packages(path) check parameters
[0.338s] Level 1:colcon.colcon_core.package_discovery:discover_packages(colcon_meta) discover
[0.339s] Level 1:colcon.colcon_core.package_discovery:discover_packages(recursive) discover
[0.339s] INFO:colcon.colcon_core.package_discovery:Crawling recursively for packages in '/mnt/d/sim_ws'
[0.340s] Level 1:colcon.colcon_core.package_identification:_identify(.) by extensions ['ignore', 'ignore_ament_install']
[0.340s] Level 1:colcon.colcon_core.package_identification:_identify(.) by extension 'ignore'
[0.341s] Level 1:colcon.colcon_core.package_identification:_identify(.) by extension 'ignore_ament_install'
[0.341s] Level 1:colcon.colcon_core.package_identification:_identify(.) by extensions ['colcon_pkg']
[0.341s] Level 1:colcon.colcon_core.package_identification:_identify(.) by extension 'colcon_pkg'
[0.341s] Level 1:colcon.colcon_core.package_identification:_identify(.) by extensions ['colcon_meta']
[0.342s] Level 1:colcon.colcon_core.package_identification:_identify(.) by extension 'colcon_meta'
[0.342s] Level 1:colcon.colcon_core.package_identification:_identify(.) by extensions ['ros']
[0.342s] Level 1:colcon.colcon_core.package_identification:_identify(.) by extension 'ros'
[0.353s] Level 1:colcon.colcon_core.package_identification:_identify(.) by extensions ['cmake', 'python']
[0.353s] Level 1:colcon.colcon_core.package_identification:_identify(.) by extension 'cmake'
[0.354s] Level 1:colcon.colcon_core.package_identification:_identify(.) by extension 'python'
[0.354s] Level 1:colcon.colcon_core.package_identification:_identify(.) by extensions ['python_setup_py']
[0.354s] Level 1:colcon.colcon_core.package_identification:_identify(.) by extension 'python_setup_py'
[0.356s] Level 1:colcon.colcon_core.package_identification:_identify(build) by extensions ['ignore', 'ignore_ament_install']
[0.357s] Level 1:colcon.colcon_core.package_identification:_identify(build) by extension 'ignore'
[0.358s] Level 1:colcon.colcon_core.package_identification:_identify(build) ignored
[0.360s] Level 1:colcon.colcon_core.package_identification:_identify(install) by extensions ['ignore', 'ignore_ament_install']
[0.361s] Level 1:colcon.colcon_core.package_identification:_identify(install) by extension 'ignore'
[0.362s] Level 1:colcon.colcon_core.package_identification:_identify(install) ignored
[0.365s] Level 1:colcon.colcon_core.package_identification:_identify(log) by extensions ['ignore', 'ignore_ament_install']
[0.365s] Level 1:colcon.colcon_core.package_identification:_identify(log) by extension 'ignore'
[0.366s] Level 1:colcon.colcon_core.package_identification:_identify(log) ignored
[0.367s] Level 1:colcon.colcon_core.package_identification:_identify(src) by extensions ['ignore', 'ignore_ament_install']
[0.367s] Level 1:colcon.colcon_core.package_identification:_identify(src) by extension 'ignore'
[0.368s] Level 1:colcon.colcon_core.package_identification:_identify(src) by extension 'ignore_ament_install'
[0.368s] Level 1:colcon.colcon_core.package_identification:_identify(src) by extensions ['colcon_pkg']
[0.369s] Level 1:colcon.colcon_core.package_identification:_identify(src) by extension 'colcon_pkg'
[0.369s] Level 1:colcon.colcon_core.package_identification:_identify(src) by extensions ['colcon_meta']
[0.369s] Level 1:colcon.colcon_core.package_identification:_identify(src) by extension 'colcon_meta'
[0.369s] Level 1:colcon.colcon_core.package_identification:_identify(src) by extensions ['ros']
[0.369s] Level 1:colcon.colcon_core.package_identification:_identify(src) by extension 'ros'
[0.370s] Level 1:colcon.colcon_core.package_identification:_identify(src) by extensions ['cmake', 'python']
[0.371s] Level 1:colcon.colcon_core.package_identification:_identify(src) by extension 'cmake'
[0.371s] Level 1:colcon.colcon_core.package_identification:_identify(src) by extension 'python'
[0.371s] Level 1:colcon.colcon_core.package_identification:_identify(src) by extensions ['python_setup_py']
[0.371s] Level 1:colcon.colcon_core.package_identification:_identify(src) by extension 'python_setup_py'
[0.373s] Level 1:colcon.colcon_core.package_identification:_identify(src/urdf_tutorial) by extensions ['ignore', 'ignore_ament_install']
[0.373s] Level 1:colcon.colcon_core.package_identification:_identify(src/urdf_tutorial) by extension 'ignore'
[0.373s] Level 1:colcon.colcon_core.package_identification:_identify(src/urdf_tutorial) by extension 'ignore_ament_install'
[0.374s] Level 1:colcon.colcon_core.package_identification:_identify(src/urdf_tutorial) by extensions ['colcon_pkg']
[0.374s] Level 1:colcon.colcon_core.package_identification:_identify(src/urdf_tutorial) by extension 'colcon_pkg'
[0.374s] Level 1:colcon.colcon_core.package_identification:_identify(src/urdf_tutorial) by extensions ['colcon_meta']
[0.374s] Level 1:colcon.colcon_core.package_identification:_identify(src/urdf_tutorial) by extension 'colcon_meta'
[0.375s] Level 1:colcon.colcon_core.package_identification:_identify(src/urdf_tutorial) by extensions ['ros']
[0.375s] Level 1:colcon.colcon_core.package_identification:_identify(src/urdf_tutorial) by extension 'ros'
[0.381s] DEBUG:colcon.colcon_core.package_identification:Package 'src/urdf_tutorial' with type 'ros.ament_cmake' and name 'urdf_tutorial'
[0.381s] Level 1:colcon.colcon_core.package_discovery:discover_packages(recursive) using defaults
[0.381s] Level 1:colcon.colcon_core.package_discovery:discover_packages(ignore) discover
[0.381s] Level 1:colcon.colcon_core.package_discovery:discover_packages(ignore) using defaults
[0.381s] Level 1:colcon.colcon_core.package_discovery:discover_packages(path) discover
[0.382s] Level 1:colcon.colcon_core.package_discovery:discover_packages(path) using defaults
[0.407s] Level 1:colcon.colcon_core.package_discovery:discover_packages(prefix_path) check parameters
[0.408s] Level 1:colcon.colcon_core.package_discovery:discover_packages(prefix_path) discover
[0.410s] DEBUG:colcon.colcon_installed_package_information.package_discovery:Found 282 installed packages in /opt/ros/humble
[0.411s] Level 1:colcon.colcon_core.package_discovery:discover_packages(prefix_path) using defaults
[0.436s] Level 5:colcon.colcon_core.verb:set package 'urdf_tutorial' build argument 'cmake_args' from command line to 'None'
[0.437s] Level 5:colcon.colcon_core.verb:set package 'urdf_tutorial' build argument 'cmake_target' from command line to 'None'
[0.437s] Level 5:colcon.colcon_core.verb:set package 'urdf_tutorial' build argument 'cmake_target_skip_unavailable' from command line to 'False'
[0.437s] Level 5:colcon.colcon_core.verb:set package 'urdf_tutorial' build argument 'cmake_clean_cache' from command line to 'False'
[0.437s] Level 5:colcon.colcon_core.verb:set package 'urdf_tutorial' build argument 'cmake_clean_first' from command line to 'False'
[0.438s] Level 5:colcon.colcon_core.verb:set package 'urdf_tutorial' build argument 'cmake_force_configure' from command line to 'False'
[0.438s] Level 5:colcon.colcon_core.verb:set package 'urdf_tutorial' build argument 'ament_cmake_args' from command line to 'None'
[0.438s] Level 5:colcon.colcon_core.verb:set package 'urdf_tutorial' build argument 'catkin_cmake_args' from command line to 'None'
[0.438s] Level 5:colcon.colcon_core.verb:set package 'urdf_tutorial' build argument 'catkin_skip_building_tests' from command line to 'False'
[0.438s] DEBUG:colcon.colcon_core.verb:Building package 'urdf_tutorial' with the following arguments: {'ament_cmake_args': None, 'build_base': '/mnt/d/sim_ws/build/urdf_tutorial', 'catkin_cmake_args': None, 'catkin_skip_building_tests': False, 'cmake_args': None, 'cmake_clean_cache': False, 'cmake_clean_first': False, 'cmake_force_configure': False, 'cmake_target': None, 'cmake_target_skip_unavailable': False, 'install_base': '/mnt/d/sim_ws/install/urdf_tutorial', 'merge_install': False, 'path': '/mnt/d/sim_ws/src/urdf_tutorial', 'symlink_install': False, 'test_result_base': None}
[0.438s] INFO:colcon.colcon_core.executor:Executing jobs using 'parallel' executor
[0.440s] DEBUG:colcon.colcon_parallel_executor.executor.parallel:run_until_complete
[0.441s] INFO:colcon.colcon_ros.task.ament_cmake.build:Building ROS package in '/mnt/d/sim_ws/src/urdf_tutorial' with build type 'ament_cmake'
[0.442s] INFO:colcon.colcon_cmake.task.cmake.build:Building CMake package in '/mnt/d/sim_ws/src/urdf_tutorial'
[0.443s] INFO:colcon.colcon_core.plugin_system:Skipping extension 'colcon_core.shell.bat': Not used on non-Windows systems
[0.444s] INFO:colcon.colcon_core.shell:Skip shell extension 'powershell' for command environment: Not usable outside of PowerShell
[0.444s] DEBUG:colcon.colcon_core.shell:Skip shell extension 'dsv' for command environment
[0.520s] DEBUG:colcon.colcon_core.event_handler.log_command:Invoking command in '/mnt/d/sim_ws/build/urdf_tutorial': CMAKE_PREFIX_PATH=/opt/ros/humble /usr/bin/cmake --build /mnt/d/sim_ws/build/urdf_tutorial -- -j16 -l16
[0.605s] DEBUG:colcon.colcon_core.event_handler.log_command:Invoked command in '/mnt/d/sim_ws/build/urdf_tutorial' returned '0': CMAKE_PREFIX_PATH=/opt/ros/humble /usr/bin/cmake --build /mnt/d/sim_ws/build/urdf_tutorial -- -j16 -l16
[0.641s] DEBUG:colcon.colcon_core.event_handler.log_command:Invoking command in '/mnt/d/sim_ws/build/urdf_tutorial': CMAKE_PREFIX_PATH=/opt/ros/humble /usr/bin/cmake --install /mnt/d/sim_ws/build/urdf_tutorial
[1.197s] Level 1:colcon.colcon_core.environment:create_environment_scripts_only(urdf_tutorial)
[1.201s] Level 1:colcon.colcon_core.environment:checking '/mnt/d/sim_ws/install/urdf_tutorial' for CMake module files
[1.201s] DEBUG:colcon.colcon_core.event_handler.log_command:Invoked command in '/mnt/d/sim_ws/build/urdf_tutorial' returned '0': CMAKE_PREFIX_PATH=/opt/ros/humble /usr/bin/cmake --install /mnt/d/sim_ws/build/urdf_tutorial
[1.274s] Level 1:colcon.colcon_core.environment:checking '/mnt/d/sim_ws/install/urdf_tutorial' for CMake config files
[1.409s] Level 1:colcon.colcon_core.shell:create_environment_hook('urdf_tutorial', 'cmake_prefix_path')
[1.409s] INFO:colcon.colcon_core.shell:Creating environment hook '/mnt/d/sim_ws/install/urdf_tutorial/share/urdf_tutorial/hook/cmake_prefix_path.ps1'
[1.425s] INFO:colcon.colcon_core.shell:Creating environment descriptor '/mnt/d/sim_ws/install/urdf_tutorial/share/urdf_tutorial/hook/cmake_prefix_path.dsv'
[1.442s] INFO:colcon.colcon_core.shell:Creating environment hook '/mnt/d/sim_ws/install/urdf_tutorial/share/urdf_tutorial/hook/cmake_prefix_path.sh'
[1.466s] Level 1:colcon.colcon_core.environment:checking '/mnt/d/sim_ws/install/urdf_tutorial/bin'
[1.468s] Level 1:colcon.colcon_core.environment:checking '/mnt/d/sim_ws/install/urdf_tutorial/lib/pkgconfig/urdf_tutorial.pc'
[1.470s] Level 1:colcon.colcon_core.environment:checking '/mnt/d/sim_ws/install/urdf_tutorial/lib/python3.10/site-packages'
[1.472s] Level 1:colcon.colcon_core.environment:checking '/mnt/d/sim_ws/install/urdf_tutorial/bin'
[1.474s] INFO:colcon.colcon_core.shell:Creating package script '/mnt/d/sim_ws/install/urdf_tutorial/share/urdf_tutorial/package.ps1'
[1.490s] INFO:colcon.colcon_core.shell:Creating package descriptor '/mnt/d/sim_ws/install/urdf_tutorial/share/urdf_tutorial/package.dsv'
[1.503s] INFO:colcon.colcon_core.shell:Creating package script '/mnt/d/sim_ws/install/urdf_tutorial/share/urdf_tutorial/package.sh'
[1.517s] INFO:colcon.colcon_core.shell:Creating package script '/mnt/d/sim_ws/install/urdf_tutorial/share/urdf_tutorial/package.bash'
[1.532s] INFO:colcon.colcon_core.shell:Creating package script '/mnt/d/sim_ws/install/urdf_tutorial/share/urdf_tutorial/package.zsh'
[1.549s] Level 1:colcon.colcon_core.environment:create_file_with_runtime_dependencies(/mnt/d/sim_ws/install/urdf_tutorial/share/colcon-core/packages/urdf_tutorial)
[1.579s] Level 1:colcon.colcon_core.environment:create_environment_scripts_only(urdf_tutorial)
[1.580s] Level 1:colcon.colcon_core.environment:checking '/mnt/d/sim_ws/install/urdf_tutorial' for CMake module files
[1.669s] Level 1:colcon.colcon_core.environment:checking '/mnt/d/sim_ws/install/urdf_tutorial' for CMake config files
[1.731s] Level 1:colcon.colcon_core.shell:create_environment_hook('urdf_tutorial', 'cmake_prefix_path')
[1.732s] INFO:colcon.colcon_core.shell:Creating environment hook '/mnt/d/sim_ws/install/urdf_tutorial/share/urdf_tutorial/hook/cmake_prefix_path.ps1'
[1.747s] INFO:colcon.colcon_core.shell:Creating environment descriptor '/mnt/d/sim_ws/install/urdf_tutorial/share/urdf_tutorial/hook/cmake_prefix_path.dsv'
[1.761s] INFO:colcon.colcon_core.shell:Creating environment hook '/mnt/d/sim_ws/install/urdf_tutorial/share/urdf_tutorial/hook/cmake_prefix_path.sh'
[1.779s] Level 1:colcon.colcon_core.environment:checking '/mnt/d/sim_ws/install/urdf_tutorial/bin'
[1.780s] Level 1:colcon.colcon_core.environment:checking '/mnt/d/sim_ws/install/urdf_tutorial/lib/pkgconfig/urdf_tutorial.pc'
[1.782s] Level 1:colcon.colcon_core.environment:checking '/mnt/d/sim_ws/install/urdf_tutorial/lib/python3.10/site-packages'
[1.783s] Level 1:colcon.colcon_core.environment:checking '/mnt/d/sim_ws/install/urdf_tutorial/bin'
[1.785s] INFO:colcon.colcon_core.shell:Creating package script '/mnt/d/sim_ws/install/urdf_tutorial/share/urdf_tutorial/package.ps1'
[1.801s] INFO:colcon.colcon_core.shell:Creating package descriptor '/mnt/d/sim_ws/install/urdf_tutorial/share/urdf_tutorial/package.dsv'
[1.832s] INFO:colcon.colcon_core.shell:Creating package script '/mnt/d/sim_ws/install/urdf_tutorial/share/urdf_tutorial/package.sh'
[1.846s] INFO:colcon.colcon_core.shell:Creating package script '/mnt/d/sim_ws/install/urdf_tutorial/share/urdf_tutorial/package.bash'
[1.860s] INFO:colcon.colcon_core.shell:Creating package script '/mnt/d/sim_ws/install/urdf_tutorial/share/urdf_tutorial/package.zsh'
[1.875s] Level 1:colcon.colcon_core.environment:create_file_with_runtime_dependencies(/mnt/d/sim_ws/install/urdf_tutorial/share/colcon-core/packages/urdf_tutorial)
[1.886s] DEBUG:colcon.colcon_parallel_executor.executor.parallel:closing loop
[1.887s] DEBUG:colcon.colcon_parallel_executor.executor.parallel:loop closed
[1.887s] DEBUG:colcon.colcon_parallel_executor.executor.parallel:run_until_complete finished with '0'
[1.888s] DEBUG:colcon.colcon_core.event_reactor:joining thread
[1.937s] INFO:colcon.colcon_core.plugin_system:Skipping extension 'colcon_notification.desktop_notification.notify_send': Could not find 'notify-send'
[1.938s] INFO:colcon.colcon_core.plugin_system:Skipping extension 'colcon_notification.desktop_notification.terminal_notifier': Not used on non-Darwin systems
[1.938s] INFO:colcon.colcon_core.plugin_system:Skipping extension 'colcon_notification.desktop_notification.win32': Not used on non-Windows systems
[1.939s] INFO:colcon.colcon_notification.desktop_notification:Sending desktop notification using 'notify2'
[1.939s] DEBUG:colcon.colcon_notification.desktop_notification.notify2:Failed to initialize notify2: org.freedesktop.DBus.Error.FileNotFound: Failed to connect to socket /run/user/1000/bus: No such file or directory
[1.940s] DEBUG:colcon.colcon_core.event_reactor:joined thread
[1.940s] INFO:colcon.colcon_core.shell:Creating prefix script '/mnt/d/sim_ws/install/local_setup.ps1'
[1.947s] INFO:colcon.colcon_core.shell:Creating prefix util module '/mnt/d/sim_ws/install/_local_setup_util_ps1.py'
[1.955s] INFO:colcon.colcon_core.shell:Creating prefix chain script '/mnt/d/sim_ws/install/setup.ps1'
[1.963s] INFO:colcon.colcon_core.shell:Creating prefix script '/mnt/d/sim_ws/install/local_setup.sh'
[1.969s] INFO:colcon.colcon_core.shell:Creating prefix util module '/mnt/d/sim_ws/install/_local_setup_util_sh.py'
[1.976s] INFO:colcon.colcon_core.shell:Creating prefix chain script '/mnt/d/sim_ws/install/setup.sh'
[1.984s] INFO:colcon.colcon_core.shell:Creating prefix script '/mnt/d/sim_ws/install/local_setup.bash'
[1.994s] INFO:colcon.colcon_core.shell:Creating prefix chain script '/mnt/d/sim_ws/install/setup.bash'
[2.001s] INFO:colcon.colcon_core.shell:Creating prefix script '/mnt/d/sim_ws/install/local_setup.zsh'
[2.008s] INFO:colcon.colcon_core.shell:Creating prefix chain script '/mnt/d/sim_ws/install/setup.zsh'
