[0.068s] Invoking command in '/mnt/d/sim_ws/build/urdf_tutorial': CMAKE_PREFIX_PATH=${CMAKE_PREFIX_PATH}:/opt/ros/humble /usr/bin/cmake --build /mnt/d/sim_ws/build/urdf_tutorial -- -j16 -l16
[0.151s] -- Found ament_cmake: 1.3.11 (/opt/ros/humble/share/ament_cmake/cmake)
[0.307s] -- Found urdf: 2.6.1 (/opt/ros/humble/share/urdf/cmake)
[1.264s] -- Found xacro: 2.0.8 (/opt/ros/humble/share/xacro/cmake)
[1.693s] -- Configuring done
[1.996s] -- Generating done
[2.164s] -- Build files have been written to: /mnt/d/sim_ws/build/urdf_tutorial
[2.183s] Invoked command in '/mnt/d/sim_ws/build/urdf_tutorial' returned '0': CMAKE_PREFIX_PATH=${CMAKE_PREFIX_PATH}:/opt/ros/humble /usr/bin/cmake --build /mnt/d/sim_ws/build/urdf_tutorial -- -j16 -l16
[2.203s] Invoking command in '/mnt/d/sim_ws/build/urdf_tutorial': CMAKE_PREFIX_PATH=${CMAKE_PREFIX_PATH}:/opt/ros/humble /usr/bin/cmake --install /mnt/d/sim_ws/build/urdf_tutorial
[2.209s] -- Install configuration: ""
[2.215s] -- Up-to-date: /mnt/d/sim_ws/install/urdf_tutorial/share/urdf_tutorial/launch
[2.233s] -- Up-to-date: /mnt/d/sim_ws/install/urdf_tutorial/share/urdf_tutorial/launch/display.launch
[2.247s] -- Up-to-date: /mnt/d/sim_ws/install/urdf_tutorial/share/urdf_tutorial/launch/gazebo.launch.py
[2.257s] -- Up-to-date: /mnt/d/sim_ws/install/urdf_tutorial/share/urdf_tutorial/urdf
[2.275s] -- Up-to-date: /mnt/d/sim_ws/install/urdf_tutorial/share/urdf_tutorial/urdf/01-myfirst.urdf
[2.287s] -- Up-to-date: /mnt/d/sim_ws/install/urdf_tutorial/share/urdf_tutorial/urdf/02-multipleshapes.urdf
[2.300s] -- Up-to-date: /mnt/d/sim_ws/install/urdf_tutorial/share/urdf_tutorial/urdf/03-origins.urdf
[2.314s] -- Up-to-date: /mnt/d/sim_ws/install/urdf_tutorial/share/urdf_tutorial/urdf/04-materials.urdf
[2.327s] -- Up-to-date: /mnt/d/sim_ws/install/urdf_tutorial/share/urdf_tutorial/urdf/05-visual.urdf
[2.341s] -- Up-to-date: /mnt/d/sim_ws/install/urdf_tutorial/share/urdf_tutorial/urdf/06-flexible.urdf
[2.354s] -- Up-to-date: /mnt/d/sim_ws/install/urdf_tutorial/share/urdf_tutorial/urdf/07-physics.urdf
[2.368s] -- Up-to-date: /mnt/d/sim_ws/install/urdf_tutorial/share/urdf_tutorial/urdf/08-macroed.urdf.xacro
[2.381s] -- Up-to-date: /mnt/d/sim_ws/install/urdf_tutorial/share/urdf_tutorial/urdf/pendulum.urdf
[2.391s] -- Up-to-date: /mnt/d/sim_ws/install/urdf_tutorial/share/urdf_tutorial/config
[2.410s] -- Up-to-date: /mnt/d/sim_ws/install/urdf_tutorial/share/urdf_tutorial/config/pendulum_controllers.yaml
[2.431s] -- Installing: /mnt/d/sim_ws/install/urdf_tutorial/share/ament_index/resource_index/package_run_dependencies/urdf_tutorial
[2.497s] -- Up-to-date: /mnt/d/sim_ws/install/urdf_tutorial/share/ament_index/resource_index/parent_prefix_path/urdf_tutorial
[2.508s] -- Up-to-date: /mnt/d/sim_ws/install/urdf_tutorial/share/urdf_tutorial/environment/ament_prefix_path.sh
[2.552s] -- Installing: /mnt/d/sim_ws/install/urdf_tutorial/share/urdf_tutorial/environment/ament_prefix_path.dsv
[2.623s] -- Up-to-date: /mnt/d/sim_ws/install/urdf_tutorial/share/urdf_tutorial/environment/path.sh
[2.651s] -- Installing: /mnt/d/sim_ws/install/urdf_tutorial/share/urdf_tutorial/environment/path.dsv
[2.732s] -- Up-to-date: /mnt/d/sim_ws/install/urdf_tutorial/share/urdf_tutorial/local_setup.bash
[2.751s] -- Up-to-date: /mnt/d/sim_ws/install/urdf_tutorial/share/urdf_tutorial/local_setup.sh
[2.772s] -- Up-to-date: /mnt/d/sim_ws/install/urdf_tutorial/share/urdf_tutorial/local_setup.zsh
[2.791s] -- Installing: /mnt/d/sim_ws/install/urdf_tutorial/share/urdf_tutorial/local_setup.dsv
[2.868s] -- Installing: /mnt/d/sim_ws/install/urdf_tutorial/share/urdf_tutorial/package.dsv
[2.982s] -- Up-to-date: /mnt/d/sim_ws/install/urdf_tutorial/share/ament_index/resource_index/packages/urdf_tutorial
[3.007s] -- Up-to-date: /mnt/d/sim_ws/install/urdf_tutorial/share/urdf_tutorial/cmake/urdf_tutorialConfig.cmake
[3.028s] -- Up-to-date: /mnt/d/sim_ws/install/urdf_tutorial/share/urdf_tutorial/cmake/urdf_tutorialConfig-version.cmake
[3.053s] -- Installing: /mnt/d/sim_ws/install/urdf_tutorial/share/urdf_tutorial/package.xml
[3.162s] Invoked command in '/mnt/d/sim_ws/build/urdf_tutorial' returned '0': CMAKE_PREFIX_PATH=${CMAKE_PREFIX_PATH}:/opt/ros/humble /usr/bin/cmake --install /mnt/d/sim_ws/build/urdf_tutorial
