[0.074s] Invoking command in '/mnt/d/sim_ws/build/urdf_tutorial': CMAKE_PREFIX_PATH=/opt/ros/humble /usr/bin/cmake --build /mnt/d/sim_ws/build/urdf_tutorial -- -j16 -l16
[0.137s] Invoked command in '/mnt/d/sim_ws/build/urdf_tutorial' returned '0': CMAKE_PREFIX_PATH=/opt/ros/humble /usr/bin/cmake --build /mnt/d/sim_ws/build/urdf_tutorial -- -j16 -l16
[0.157s] Invoking command in '/mnt/d/sim_ws/build/urdf_tutorial': CMAKE_PREFIX_PATH=/opt/ros/humble /usr/bin/cmake --install /mnt/d/sim_ws/build/urdf_tutorial
[0.166s] -- Install configuration: ""
[0.172s] -- Up-to-date: /mnt/d/sim_ws/install/urdf_tutorial/share/urdf_tutorial/launch
[0.189s] -- Up-to-date: /mnt/d/sim_ws/install/urdf_tutorial/share/urdf_tutorial/launch/display.launch
[0.202s] -- Installing: /mnt/d/sim_ws/install/urdf_tutorial/share/urdf_tutorial/launch/gazebo.launch.py
[0.249s] -- Up-to-date: /mnt/d/sim_ws/install/urdf_tutorial/share/urdf_tutorial/urdf
[0.267s] -- Up-to-date: /mnt/d/sim_ws/install/urdf_tutorial/share/urdf_tutorial/urdf/01-myfirst.urdf
[0.280s] -- Up-to-date: /mnt/d/sim_ws/install/urdf_tutorial/share/urdf_tutorial/urdf/02-multipleshapes.urdf
[0.295s] -- Up-to-date: /mnt/d/sim_ws/install/urdf_tutorial/share/urdf_tutorial/urdf/03-origins.urdf
[0.309s] -- Up-to-date: /mnt/d/sim_ws/install/urdf_tutorial/share/urdf_tutorial/urdf/04-materials.urdf
[0.321s] -- Up-to-date: /mnt/d/sim_ws/install/urdf_tutorial/share/urdf_tutorial/urdf/05-visual.urdf
[0.335s] -- Up-to-date: /mnt/d/sim_ws/install/urdf_tutorial/share/urdf_tutorial/urdf/06-flexible.urdf
[0.348s] -- Up-to-date: /mnt/d/sim_ws/install/urdf_tutorial/share/urdf_tutorial/urdf/07-physics.urdf
[0.361s] -- Up-to-date: /mnt/d/sim_ws/install/urdf_tutorial/share/urdf_tutorial/urdf/08-macroed.urdf.xacro
[0.374s] -- Up-to-date: /mnt/d/sim_ws/install/urdf_tutorial/share/urdf_tutorial/urdf/pendulum.urdf
[0.383s] -- Up-to-date: /mnt/d/sim_ws/install/urdf_tutorial/share/urdf_tutorial/config
[0.400s] -- Up-to-date: /mnt/d/sim_ws/install/urdf_tutorial/share/urdf_tutorial/config/pendulum.rviz
[0.414s] -- Installing: /mnt/d/sim_ws/install/urdf_tutorial/share/urdf_tutorial/config/pendulum_controllers.yaml
[0.469s] -- Up-to-date: /mnt/d/sim_ws/install/urdf_tutorial/share/ament_index/resource_index/package_run_dependencies/urdf_tutorial
[0.491s] -- Up-to-date: /mnt/d/sim_ws/install/urdf_tutorial/share/ament_index/resource_index/parent_prefix_path/urdf_tutorial
[0.501s] -- Up-to-date: /mnt/d/sim_ws/install/urdf_tutorial/share/urdf_tutorial/environment/ament_prefix_path.sh
[0.518s] -- Up-to-date: /mnt/d/sim_ws/install/urdf_tutorial/share/urdf_tutorial/environment/ament_prefix_path.dsv
[0.529s] -- Up-to-date: /mnt/d/sim_ws/install/urdf_tutorial/share/urdf_tutorial/environment/path.sh
[0.541s] -- Up-to-date: /mnt/d/sim_ws/install/urdf_tutorial/share/urdf_tutorial/environment/path.dsv
[0.553s] -- Up-to-date: /mnt/d/sim_ws/install/urdf_tutorial/share/urdf_tutorial/local_setup.bash
[0.563s] -- Up-to-date: /mnt/d/sim_ws/install/urdf_tutorial/share/urdf_tutorial/local_setup.sh
[0.575s] -- Up-to-date: /mnt/d/sim_ws/install/urdf_tutorial/share/urdf_tutorial/local_setup.zsh
[0.587s] -- Up-to-date: /mnt/d/sim_ws/install/urdf_tutorial/share/urdf_tutorial/local_setup.dsv
[0.599s] -- Installing: /mnt/d/sim_ws/install/urdf_tutorial/share/urdf_tutorial/package.dsv
[0.670s] -- Up-to-date: /mnt/d/sim_ws/install/urdf_tutorial/share/ament_index/resource_index/packages/urdf_tutorial
[0.748s] -- Up-to-date: /mnt/d/sim_ws/install/urdf_tutorial/share/urdf_tutorial/cmake/urdf_tutorialConfig.cmake
[0.774s] -- Up-to-date: /mnt/d/sim_ws/install/urdf_tutorial/share/urdf_tutorial/cmake/urdf_tutorialConfig-version.cmake
[0.798s] -- Up-to-date: /mnt/d/sim_ws/install/urdf_tutorial/share/urdf_tutorial/package.xml
[0.808s] Invoked command in '/mnt/d/sim_ws/build/urdf_tutorial' returned '0': CMAKE_PREFIX_PATH=/opt/ros/humble /usr/bin/cmake --install /mnt/d/sim_ws/build/urdf_tutorial
