[0.152s] Invoking command in '/mnt/d/sim_ws/build/urdf_tutorial': CMAKE_PREFIX_PATH=${CMAKE_PREFIX_PATH}:/opt/ros/humble /usr/bin/cmake --build /mnt/d/sim_ws/build/urdf_tutorial -- -j16 -l16
[0.457s] -- Found ament_cmake: 1.3.11 (/opt/ros/humble/share/ament_cmake/cmake)
[0.625s] -- Found urdf: 2.6.1 (/opt/ros/humble/share/urdf/cmake)
[1.346s] -- Found xacro: 2.0.8 (/opt/ros/humble/share/xacro/cmake)
[1.599s] -- Configuring done
[2.497s] -- Generating done
[2.702s] -- Build files have been written to: /mnt/d/sim_ws/build/urdf_tutorial
[2.726s] gmake[1]: Warning: File 'CMakeFiles/Makefile2' has modification time 0.42 s in the future
[2.726s] gmake[1]: warning:  Clock skew detected.  Your build may be incomplete.
[2.734s] Invoked command in '/mnt/d/sim_ws/build/urdf_tutorial' returned '0': CMAKE_PREFIX_PATH=${CMAKE_PREFIX_PATH}:/opt/ros/humble /usr/bin/cmake --build /mnt/d/sim_ws/build/urdf_tutorial -- -j16 -l16
[2.755s] Invoking command in '/mnt/d/sim_ws/build/urdf_tutorial': CMAKE_PREFIX_PATH=${CMAKE_PREFIX_PATH}:/opt/ros/humble /usr/bin/cmake --install /mnt/d/sim_ws/build/urdf_tutorial
[2.763s] -- Install configuration: ""
[2.770s] -- Up-to-date: /mnt/d/sim_ws/install/urdf_tutorial/share/urdf_tutorial/launch
[2.788s] -- Up-to-date: /mnt/d/sim_ws/install/urdf_tutorial/share/urdf_tutorial/launch/display.launch
[2.802s] -- Up-to-date: /mnt/d/sim_ws/install/urdf_tutorial/share/urdf_tutorial/launch/gazebo.launch
[2.815s] -- Installing: /mnt/d/sim_ws/install/urdf_tutorial/share/urdf_tutorial/launch/gazebo.launch.py
[2.862s] -- Up-to-date: /mnt/d/sim_ws/install/urdf_tutorial/share/urdf_tutorial/urdf
[2.880s] -- Up-to-date: /mnt/d/sim_ws/install/urdf_tutorial/share/urdf_tutorial/urdf/01-myfirst.urdf
[2.894s] -- Up-to-date: /mnt/d/sim_ws/install/urdf_tutorial/share/urdf_tutorial/urdf/02-multipleshapes.urdf
[2.907s] -- Up-to-date: /mnt/d/sim_ws/install/urdf_tutorial/share/urdf_tutorial/urdf/03-origins.urdf
[2.921s] -- Up-to-date: /mnt/d/sim_ws/install/urdf_tutorial/share/urdf_tutorial/urdf/04-materials.urdf
[2.934s] -- Up-to-date: /mnt/d/sim_ws/install/urdf_tutorial/share/urdf_tutorial/urdf/05-visual.urdf
[2.949s] -- Up-to-date: /mnt/d/sim_ws/install/urdf_tutorial/share/urdf_tutorial/urdf/06-flexible.urdf
[2.963s] -- Up-to-date: /mnt/d/sim_ws/install/urdf_tutorial/share/urdf_tutorial/urdf/07-physics.urdf
[2.976s] -- Up-to-date: /mnt/d/sim_ws/install/urdf_tutorial/share/urdf_tutorial/urdf/08-macroed.urdf.xacro
[2.990s] -- Up-to-date: /mnt/d/sim_ws/install/urdf_tutorial/share/urdf_tutorial/urdf/pendulum.urdf
[3.012s] -- Up-to-date: /mnt/d/sim_ws/install/urdf_tutorial/share/ament_index/resource_index/package_run_dependencies/urdf_tutorial
[3.033s] -- Installing: /mnt/d/sim_ws/install/urdf_tutorial/share/ament_index/resource_index/parent_prefix_path/urdf_tutorial
[3.088s] -- Up-to-date: /mnt/d/sim_ws/install/urdf_tutorial/share/urdf_tutorial/environment/ament_prefix_path.sh
[3.103s] -- Installing: /mnt/d/sim_ws/install/urdf_tutorial/share/urdf_tutorial/environment/ament_prefix_path.dsv
[3.145s] -- Up-to-date: /mnt/d/sim_ws/install/urdf_tutorial/share/urdf_tutorial/environment/path.sh
[3.160s] -- Installing: /mnt/d/sim_ws/install/urdf_tutorial/share/urdf_tutorial/environment/path.dsv
[3.209s] -- Up-to-date: /mnt/d/sim_ws/install/urdf_tutorial/share/urdf_tutorial/local_setup.bash
[3.221s] -- Up-to-date: /mnt/d/sim_ws/install/urdf_tutorial/share/urdf_tutorial/local_setup.sh
[3.229s] -- Up-to-date: /mnt/d/sim_ws/install/urdf_tutorial/share/urdf_tutorial/local_setup.zsh
[3.238s] -- Installing: /mnt/d/sim_ws/install/urdf_tutorial/share/urdf_tutorial/local_setup.dsv
[3.268s] -- Installing: /mnt/d/sim_ws/install/urdf_tutorial/share/urdf_tutorial/package.dsv
[3.316s] -- Up-to-date: /mnt/d/sim_ws/install/urdf_tutorial/share/ament_index/resource_index/packages/urdf_tutorial
[3.329s] -- Up-to-date: /mnt/d/sim_ws/install/urdf_tutorial/share/urdf_tutorial/cmake/urdf_tutorialConfig.cmake
[3.366s] -- Up-to-date: /mnt/d/sim_ws/install/urdf_tutorial/share/urdf_tutorial/cmake/urdf_tutorialConfig-version.cmake
[3.400s] -- Up-to-date: /mnt/d/sim_ws/install/urdf_tutorial/share/urdf_tutorial/package.xml
[3.413s] Invoked command in '/mnt/d/sim_ws/build/urdf_tutorial' returned '0': CMAKE_PREFIX_PATH=${CMAKE_PREFIX_PATH}:/opt/ros/humble /usr/bin/cmake --install /mnt/d/sim_ws/build/urdf_tutorial
