[0.084s] Invoking command in '/mnt/d/sim_ws/build/urdf_tutorial': CMAKE_PREFIX_PATH=/opt/ros/humble /usr/bin/cmake --build /mnt/d/sim_ws/build/urdf_tutorial -- -j16 -l16
[0.176s] Invoked command in '/mnt/d/sim_ws/build/urdf_tutorial' returned '0': CMAKE_PREFIX_PATH=/opt/ros/humble /usr/bin/cmake --build /mnt/d/sim_ws/build/urdf_tutorial -- -j16 -l16
[0.212s] Invoking command in '/mnt/d/sim_ws/build/urdf_tutorial': CMAKE_PREFIX_PATH=/opt/ros/humble /usr/bin/cmake --install /mnt/d/sim_ws/build/urdf_tutorial
[0.222s] -- Install configuration: ""
[0.230s] -- Up-to-date: /mnt/d/sim_ws/install/urdf_tutorial/share/urdf_tutorial/launch
[0.255s] -- Up-to-date: /mnt/d/sim_ws/install/urdf_tutorial/share/urdf_tutorial/launch/display.launch
[0.274s] -- Up-to-date: /mnt/d/sim_ws/install/urdf_tutorial/share/urdf_tutorial/launch/gazebo.launch
[0.293s] -- Up-to-date: /mnt/d/sim_ws/install/urdf_tutorial/share/urdf_tutorial/launch/gazebo.launch.py
[0.308s] -- Up-to-date: /mnt/d/sim_ws/install/urdf_tutorial/share/urdf_tutorial/urdf
[0.335s] -- Up-to-date: /mnt/d/sim_ws/install/urdf_tutorial/share/urdf_tutorial/urdf/01-myfirst.urdf
[0.354s] -- Up-to-date: /mnt/d/sim_ws/install/urdf_tutorial/share/urdf_tutorial/urdf/02-multipleshapes.urdf
[0.375s] -- Up-to-date: /mnt/d/sim_ws/install/urdf_tutorial/share/urdf_tutorial/urdf/03-origins.urdf
[0.391s] -- Up-to-date: /mnt/d/sim_ws/install/urdf_tutorial/share/urdf_tutorial/urdf/04-materials.urdf
[0.411s] -- Up-to-date: /mnt/d/sim_ws/install/urdf_tutorial/share/urdf_tutorial/urdf/05-visual.urdf
[0.431s] -- Up-to-date: /mnt/d/sim_ws/install/urdf_tutorial/share/urdf_tutorial/urdf/06-flexible.urdf
[0.452s] -- Up-to-date: /mnt/d/sim_ws/install/urdf_tutorial/share/urdf_tutorial/urdf/07-physics.urdf
[0.472s] -- Up-to-date: /mnt/d/sim_ws/install/urdf_tutorial/share/urdf_tutorial/urdf/08-macroed.urdf.xacro
[0.489s] -- Installing: /mnt/d/sim_ws/install/urdf_tutorial/share/urdf_tutorial/urdf/pendulum.urdf
[0.579s] -- Up-to-date: /mnt/d/sim_ws/install/urdf_tutorial/share/ament_index/resource_index/package_run_dependencies/urdf_tutorial
[0.618s] -- Up-to-date: /mnt/d/sim_ws/install/urdf_tutorial/share/ament_index/resource_index/parent_prefix_path/urdf_tutorial
[0.638s] -- Up-to-date: /mnt/d/sim_ws/install/urdf_tutorial/share/urdf_tutorial/environment/ament_prefix_path.sh
[0.665s] -- Up-to-date: /mnt/d/sim_ws/install/urdf_tutorial/share/urdf_tutorial/environment/ament_prefix_path.dsv
[0.685s] -- Up-to-date: /mnt/d/sim_ws/install/urdf_tutorial/share/urdf_tutorial/environment/path.sh
[0.709s] -- Up-to-date: /mnt/d/sim_ws/install/urdf_tutorial/share/urdf_tutorial/environment/path.dsv
[0.732s] -- Up-to-date: /mnt/d/sim_ws/install/urdf_tutorial/share/urdf_tutorial/local_setup.bash
[0.753s] -- Up-to-date: /mnt/d/sim_ws/install/urdf_tutorial/share/urdf_tutorial/local_setup.sh
[0.775s] -- Up-to-date: /mnt/d/sim_ws/install/urdf_tutorial/share/urdf_tutorial/local_setup.zsh
[0.795s] -- Up-to-date: /mnt/d/sim_ws/install/urdf_tutorial/share/urdf_tutorial/local_setup.dsv
[0.815s] -- Installing: /mnt/d/sim_ws/install/urdf_tutorial/share/urdf_tutorial/package.dsv
[0.898s] -- Up-to-date: /mnt/d/sim_ws/install/urdf_tutorial/share/ament_index/resource_index/packages/urdf_tutorial
[0.922s] -- Up-to-date: /mnt/d/sim_ws/install/urdf_tutorial/share/urdf_tutorial/cmake/urdf_tutorialConfig.cmake
[0.941s] -- Up-to-date: /mnt/d/sim_ws/install/urdf_tutorial/share/urdf_tutorial/cmake/urdf_tutorialConfig-version.cmake
[0.959s] -- Up-to-date: /mnt/d/sim_ws/install/urdf_tutorial/share/urdf_tutorial/package.xml
[0.971s] Invoked command in '/mnt/d/sim_ws/build/urdf_tutorial' returned '0': CMAKE_PREFIX_PATH=/opt/ros/humble /usr/bin/cmake --install /mnt/d/sim_ws/build/urdf_tutorial
